{"name": "test_login", "status": "failed", "statusDetails": {"message": "AssertionError: assert 'inventoruy' in 'https://www.saucedemo.com/inventory.html'\n +  where 'https://www.saucedemo.com/inventory.html' = <selenium.webdriver.chrome.webdriver.WebDriver (session=\"faa7dfdeac224defbc4af542957d9221\")>.current_url", "trace": "self = <tests.test_login.TestLogin object at 0x7f4e51ee7610>\ndriver = <selenium.webdriver.chrome.webdriver.WebDriver (session=\"faa7dfdeac224defbc4af542957d9221\")>\n\n    @pytest.mark.selenium\n    def test_login(self, driver):\n        login_page = LoginPage(driver)\n        login_page.login(\"standard_user\", \"secret_sauce\")\n>       assert 'inventoruy' in driver.current_url\nE       assert 'inventoruy' in 'https://www.saucedemo.com/inventory.html'\nE        +  where 'https://www.saucedemo.com/inventory.html' = <selenium.webdriver.chrome.webdriver.WebDriver (session=\"faa7dfdeac224defbc4af542957d9221\")>.current_url\n\ntests/test_login.py:13: AssertionError"}, "steps": [{"name": "login", "status": "passed", "steps": [{"name": "fill_username", "status": "passed", "parameters": [{"name": "username", "value": "'standard_user'"}], "start": 1744908272433, "stop": 1744908272573}, {"name": "fill_password", "status": "passed", "parameters": [{"name": "password", "value": "'secret_sauce'"}], "start": 1744908272573, "stop": 1744908272655}, {"name": "click_login", "status": "passed", "start": 1744908272655, "stop": 1744908272757}], "parameters": [{"name": "username", "value": "'standard_user'"}, {"name": "password", "value": "'secret_sauce'"}], "start": 1744908272433, "stop": 1744908272757}], "attachments": [{"name": "Failure Screenshot", "source": "71e5f13e-efd2-4102-b93d-3cc5c6f64ec5-attachment.png", "type": "image/png"}], "start": 1744908272433, "stop": 1744908272762, "uuid": "12ec9d5a-afdc-4a8f-93f4-9a70f6841841", "historyId": "2116f0ad00ab1de0effc54f114dd9496", "testCaseId": "2116f0ad00ab1de0effc54f114dd9496", "fullName": "tests.test_login.TestLogin#test_login", "labels": [{"name": "tag", "value": "selenium"}, {"name": "parentSuite", "value": "tests"}, {"name": "suite", "value": "test_login"}, {"name": "subSuite", "value": "TestLogin"}, {"name": "host", "value": "fv-az1950-551"}, {"name": "thread", "value": "2881-MainThread"}, {"name": "framework", "value": "pytest"}, {"name": "language", "value": "cpython3"}, {"name": "package", "value": "tests.test_login"}]}